1	#Test case 2 for assembler. (Contains several syntax errors.)
2	
3	               .text
4	               lwa    $1,val1      
5	               prh    $1
6	               j      test0        
7	               lwa    $2,val2      
8	val12:         prh    $2
9	               sll    $3,$2,16
10	               prh    $5
11	
12	val12:         srl    $4,$1,16     
13	               prh    $4
14	
15	valxxxxx:      sra    $5,$1,3     
16	               prh    $5
17	
18	#Uses xor opcode.
19	val2345:       xor    $6,$1,$2
20	               prhh   $6           
21	               lwb    $30,0($1)
22	               prh    $7
23	               hlx
24	
25	               .data
26	val1:          .word  -1:4
27	test1:         .resw   15          
28	val1:          .word  65535:1


ERROR: Line 12: multiplyDefinedSymbol	|	val12
ERROR: Line 28: multiplyDefinedSymbol	|	val1
ERROR: Line 6: undefinedSymbol	|	test0
ERROR: Line 7: undefinedSymbol	|	val2
ERROR: Line 20: illegalOpcode	|	 
ERROR: Line 23: illegalOpcode	|	 
